#! /usr/bin/vvp
:ivl_version "11.0 (stable)";
:ivl_delay_selection "TYPICAL";
:vpi_time_precision + 0;
:vpi_module "/usr/lib/x86_64-linux-gnu/ivl/system.vpi";
:vpi_module "/usr/lib/x86_64-linux-gnu/ivl/vhdl_sys.vpi";
:vpi_module "/usr/lib/x86_64-linux-gnu/ivl/vhdl_textio.vpi";
:vpi_module "/usr/lib/x86_64-linux-gnu/ivl/v2005_math.vpi";
:vpi_module "/usr/lib/x86_64-linux-gnu/ivl/va_math.vpi";
S_0x5597589d0d90 .scope module, "dut" "dut" 2 36;
 .timescale 0 0;
    .port_info 0 /INPUT 1 "CLK";
    .port_info 1 /INPUT 1 "RST_N";
    .port_info 2 /INPUT 1 "EN_start";
    .port_info 3 /OUTPUT 1 "RDY_start";
    .port_info 4 /INPUT 32 "next_k";
    .port_info 5 /INPUT 1 "EN_next";
    .port_info 6 /OUTPUT 32 "next";
    .port_info 7 /OUTPUT 1 "RDY_next";
o0x7f7a789aa528 .functor BUFZ 32, C4<zzzzzzzzzzzzzzzzzzzzzzzzzzzzzzzz>; HiZ drive
L_0x559758a24510 .functor XOR 32, v0x559758a23fd0_0, o0x7f7a789aa528, C4<00000000000000000000000000000000>, C4<00000000000000000000000000000000>;
L_0x559758a24870 .functor NOT 1, L_0x559758a247a0, C4<0>, C4<0>, C4<0>;
L_0x559758a24ab0 .functor NOT 1, L_0x559758a249e0, C4<0>, C4<0>, C4<0>;
L_0x559758a24e30 .functor NOT 3, L_0x559758a24c80, C4<000>, C4<000>, C4<000>;
o0x7f7a789aa048 .functor BUFZ 1, C4<z>; HiZ drive
o0x7f7a789aa078 .functor BUFZ 1, C4<z>; HiZ drive
L_0x559758a35850 .functor OR 1, o0x7f7a789aa048, o0x7f7a789aa078, C4<0>, C4<0>;
o0x7f7a789aa018 .functor BUFZ 1, C4<z>; HiZ drive
v0x5597589d0ff0_0 .net "CLK", 0 0, o0x7f7a789aa018;  0 drivers
v0x559758a22bf0_0 .net "EN_next", 0 0, o0x7f7a789aa048;  0 drivers
v0x559758a22cb0_0 .net "EN_start", 0 0, o0x7f7a789aa078;  0 drivers
v0x559758a22d50_0 .net "MUX_appx_r$write_1__VAL_2", 31 0, L_0x559758a25500;  1 drivers
L_0x7f7a78961060 .functor BUFT 1, C4<1>, C4<0>, C4<0>, C4<0>;
v0x559758a22e30_0 .net "RDY_next", 0 0, L_0x7f7a78961060;  1 drivers
L_0x7f7a78961018 .functor BUFT 1, C4<1>, C4<0>, C4<0>, C4<0>;
v0x559758a22f40_0 .net "RDY_start", 0 0, L_0x7f7a78961018;  1 drivers
o0x7f7a789aa138 .functor BUFZ 1, C4<z>; HiZ drive
v0x559758a23000_0 .net "RST_N", 0 0, o0x7f7a789aa138;  0 drivers
v0x559758a230c0_0 .net *"_ivl_11", 23 0, L_0x559758a246d0;  1 drivers
v0x559758a231a0_0 .net *"_ivl_13", 0 0, L_0x559758a247a0;  1 drivers
v0x559758a23280_0 .net *"_ivl_14", 0 0, L_0x559758a24870;  1 drivers
v0x559758a23360_0 .net *"_ivl_17", 0 0, L_0x559758a24910;  1 drivers
v0x559758a23440_0 .net *"_ivl_19", 0 0, L_0x559758a249e0;  1 drivers
v0x559758a23520_0 .net *"_ivl_20", 0 0, L_0x559758a24ab0;  1 drivers
v0x559758a23600_0 .net *"_ivl_23", 0 0, L_0x559758a24ba0;  1 drivers
v0x559758a236e0_0 .net *"_ivl_25", 2 0, L_0x559758a24c80;  1 drivers
v0x559758a237c0_0 .net *"_ivl_26", 2 0, L_0x559758a24e30;  1 drivers
v0x559758a238a0_0 .net *"_ivl_28", 31 0, L_0x559758a24f50;  1 drivers
L_0x7f7a789610f0 .functor BUFT 1, C4<0>, C4<0>, C4<0>, C4<0>;
v0x559758a23a90_0 .net/2u *"_ivl_30", 0 0, L_0x7f7a789610f0;  1 drivers
v0x559758a23b70_0 .net *"_ivl_33", 30 0, L_0x559758a252c0;  1 drivers
v0x559758a23c50_0 .net *"_ivl_34", 31 0, L_0x559758a25360;  1 drivers
L_0x7f7a78961138 .functor BUFT 1, C4<11011011110010010011110011111101>, C4<0>, C4<0>, C4<0>;
v0x559758a23d30_0 .net/2u *"_ivl_38", 31 0, L_0x7f7a78961138;  1 drivers
v0x559758a23e10_0 .net *"_ivl_7", 0 0, L_0x559758a245d0;  1 drivers
L_0x7f7a789610a8 .functor BUFT 1, C4<1>, C4<0>, C4<0>, C4<0>;
v0x559758a23ef0_0 .net/2u *"_ivl_8", 0 0, L_0x7f7a789610a8;  1 drivers
v0x559758a23fd0_0 .var "appx_r", 31 0;
v0x559758a240b0_0 .net "appx_r$D_IN", 31 0, L_0x559758a356a0;  1 drivers
v0x559758a24190_0 .net "appx_r$EN", 0 0, L_0x559758a35850;  1 drivers
v0x559758a24250_0 .net "next", 31 0, L_0x559758a24510;  1 drivers
v0x559758a24330_0 .net "next_k", 31 0, o0x7f7a789aa528;  0 drivers
E_0x559758a0b0a0 .event posedge, v0x5597589d0ff0_0;
L_0x559758a245d0 .part v0x559758a23fd0_0, 0, 1;
L_0x559758a246d0 .part v0x559758a23fd0_0, 8, 24;
L_0x559758a247a0 .part v0x559758a23fd0_0, 7, 1;
L_0x559758a24910 .part v0x559758a23fd0_0, 6, 1;
L_0x559758a249e0 .part v0x559758a23fd0_0, 5, 1;
L_0x559758a24ba0 .part v0x559758a23fd0_0, 4, 1;
L_0x559758a24c80 .part v0x559758a23fd0_0, 1, 3;
LS_0x559758a24f50_0_0 .concat [ 3 1 1 1], L_0x559758a24e30, L_0x559758a24ba0, L_0x559758a24ab0, L_0x559758a24910;
LS_0x559758a24f50_0_4 .concat [ 1 24 1 0], L_0x559758a24870, L_0x559758a246d0, L_0x7f7a789610a8;
L_0x559758a24f50 .concat [ 6 26 0 0], LS_0x559758a24f50_0_0, LS_0x559758a24f50_0_4;
L_0x559758a252c0 .part v0x559758a23fd0_0, 1, 31;
L_0x559758a25360 .concat [ 31 1 0 0], L_0x559758a252c0, L_0x7f7a789610f0;
L_0x559758a25500 .functor MUXZ 32, L_0x559758a25360, L_0x559758a24f50, L_0x559758a245d0, C4<>;
L_0x559758a356a0 .functor MUXZ 32, L_0x559758a25500, L_0x7f7a78961138, o0x7f7a789aa078, C4<>;
    .scope S_0x5597589d0d90;
T_0 ;
    %wait E_0x559758a0b0a0;
    %load/vec4 v0x559758a23000_0;
    %cmpi/e 0, 0, 1;
    %jmp/0xz  T_0.0, 4;
    %pushi/vec4 1, 0, 32;
    %assign/vec4 v0x559758a23fd0_0, 0;
    %jmp T_0.1;
T_0.0 ;
    %load/vec4 v0x559758a24190_0;
    %flag_set/vec4 8;
    %jmp/0xz  T_0.2, 8;
    %load/vec4 v0x559758a240b0_0;
    %assign/vec4 v0x559758a23fd0_0, 0;
T_0.2 ;
T_0.1 ;
    %jmp T_0;
    .thread T_0;
    .scope S_0x5597589d0d90;
T_1 ;
    %pushi/vec4 2863311530, 0, 32;
    %store/vec4 v0x559758a23fd0_0, 0, 32;
    %end;
    .thread T_1;
# The file index is used to find the file name in the following table.
:file_names 3;
    "N/A";
    "<interactive>";
    "dut.v";
